INFO: [SIM 2] *************** CSIM start ***************
INFO: [SIM 4] CSIM will launch GCC as the compiler.
   Compiling(apcc) ../../../.settings/mem_test.c in debug mode
INFO: [HLS 200-10] Running '/state/opt/Xilinx/Vivado/2019.1/bin/unwrapped/lnx64.o/apcc'
INFO: [HLS 200-10] For user 'marcuscw' on host 'uclhc-2.ps.uci.edu' (Linux_x86_64 version 3.10.0-957.27.2.el7.x86_64) on Sun Mar 01 22:56:17 PST 2020
INFO: [HLS 200-10] On os "CentOS Linux release 7.6.1810 (Core) "
INFO: [HLS 200-10] In directory '/data11/home/marcuscw/Desktop/Mem/solution1/csim/build'
INFO: [APCC 202-3] Tmp directory is /tmp/apcc_db_marcuscw/17882101583132177783239
INFO: [APCC 202-1] APCC is done.
   Compiling(apcc) ../../../.settings/mem.c in debug mode
INFO: [HLS 200-10] Running '/state/opt/Xilinx/Vivado/2019.1/bin/unwrapped/lnx64.o/apcc'
INFO: [HLS 200-10] For user 'marcuscw' on host 'uclhc-2.ps.uci.edu' (Linux_x86_64 version 3.10.0-957.27.2.el7.x86_64) on Sun Mar 01 22:56:25 PST 2020
INFO: [HLS 200-10] On os "CentOS Linux release 7.6.1810 (Core) "
INFO: [HLS 200-10] In directory '/data11/home/marcuscw/Desktop/Mem/solution1/csim/build'
INFO: [APCC 202-3] Tmp directory is /tmp/apcc_db_marcuscw/17884761583132185766569
INFO: [APCC 202-1] APCC is done.
   Generating csim.exe
3
5
5
5
5
INFO: [SIM 1] CSim done with 0 errors.
INFO: [SIM 3] *************** CSIM finish ***************
