#-----------------------------------------------------------
# xsim v2019.1 (64-bit)
# SW Build 2552052 on Fri May 24 14:47:09 MDT 2019
# IP Build 2548770 on Fri May 24 18:01:18 MDT 2019
# Start of session at: Wed Feb  5 15:31:54 2020
# Process ID: 4143062
# Current directory: /data11/home/marcuscw/Desktop/Mem/solution1/sim/verilog
# Command line: xsim -mode tcl -source {xsim.dir/mem/xsim_script.tcl}
# Log file: /data11/home/marcuscw/Desktop/Mem/solution1/sim/verilog/xsim.log
# Journal file: /data11/home/marcuscw/Desktop/Mem/solution1/sim/verilog/xsim.jou
#-----------------------------------------------------------
source xsim.dir/mem/xsim_script.tcl
# xsim {mem} -autoloadwcfg -tclbatch {mem.tcl}
Vivado Simulator 2019.1
Time resolution is 1 ps
source mem.tcl
## run all
////////////////////////////////////////////////////////////////////////////////////
// Inter-Transaction Progress: Completed Transaction / Total Transaction
// Intra-Transaction Progress: Measured Latency / Latency Estimation * 100%
//
// RTL Simulation : "Inter-Transaction Progress" ["Intra-Transaction Progress"] @ "Simulation Time"
////////////////////////////////////////////////////////////////////////////////////
// RTL Simulation : 0 / 2 [0.00%] @ "125000"
// RTL Simulation : 1 / 2 [100.00%] @ "165000"
// RTL Simulation : 2 / 2 [100.00%] @ "195000"
////////////////////////////////////////////////////////////////////////////////////
$finish called at time : 235 ns : File "/data11/home/marcuscw/Desktop/Mem/solution1/sim/verilog/mem.autotb.v" Line 380
## quit
INFO: [Common 17-206] Exiting xsim at Wed Feb  5 15:32:03 2020...
